2018-07-13 17:34:39,163[DEBUG]getTitleByRemarks: 系统ID main (rebue.mbgx.util.RemarksUtil:21)
2018-07-13 17:34:39,166[DEBUG]getTitleByRemarks: 系统名称 main (rebue.mbgx.util.RemarksUtil:21)
2018-07-13 17:34:39,166[DEBUG]getTitleByRemarks: 系统备注 main (rebue.mbgx.util.RemarksUtil:21)
2018-07-13 17:34:39,188[DEBUG]getTitleByRemarks: 系统信息 main (rebue.mbgx.util.RemarksUtil:21)
2018-07-13 17:34:39,645[DEBUG]getTitleByRemarks: 系统信息 main (rebue.mbgx.util.RemarksUtil:21)
2018-07-13 17:34:39,730[DEBUG]getTitleByRemarks: 系统信息 main (rebue.mbgx.util.RemarksUtil:21)
2018-07-13 17:34:39,773[DEBUG]copyMembers: list,[] main (rebue.mbgx.util.MergeJavaFileUtil:107)
2018-07-13 17:34:39,781[DEBUG]copyMembers: add,[@RequestBody PfmSysMo mo] main (rebue.mbgx.util.MergeJavaFileUtil:107)
2018-07-13 17:34:39,793[DEBUG]copyMembers: modify,[@RequestBody PfmSysMo mo] main (rebue.mbgx.util.MergeJavaFileUtil:107)
2018-07-13 17:34:39,930[DEBUG]getTitleByRemarks: 系统信息 main (rebue.mbgx.util.RemarksUtil:21)
2018-07-13 17:38:43,760[DEBUG]getTitleByRemarks: 系统ID main (rebue.mbgx.util.RemarksUtil:21)
2018-07-13 17:38:43,762[DEBUG]getTitleByRemarks: 系统名称 main (rebue.mbgx.util.RemarksUtil:21)
2018-07-13 17:38:43,762[DEBUG]getTitleByRemarks: 系统备注 main (rebue.mbgx.util.RemarksUtil:21)
2018-07-13 17:38:43,785[DEBUG]getTitleByRemarks: 系统信息 main (rebue.mbgx.util.RemarksUtil:21)
2018-07-13 17:38:44,174[DEBUG]getTitleByRemarks: 系统信息 main (rebue.mbgx.util.RemarksUtil:21)
2018-07-13 17:38:44,265[DEBUG]getTitleByRemarks: 系统信息 main (rebue.mbgx.util.RemarksUtil:21)
2018-07-13 17:38:44,322[DEBUG]copyMembers: list,[] main (rebue.mbgx.util.MergeJavaFileUtil:107)
2018-07-13 17:38:44,331[DEBUG]copyMembers: add,[@RequestBody PfmSysMo mo] main (rebue.mbgx.util.MergeJavaFileUtil:107)
2018-07-13 17:38:44,353[DEBUG]copyMembers: modify,[@RequestBody PfmSysMo mo] main (rebue.mbgx.util.MergeJavaFileUtil:107)
2018-07-13 17:38:44,503[DEBUG]getTitleByRemarks: 系统信息 main (rebue.mbgx.util.RemarksUtil:21)
2018-07-13 17:38:44,524[DEBUG]getTitleByRemarks: 系统信息 main (rebue.mbgx.util.RemarksUtil:21)
2018-07-13 17:38:44,528[ INFO]
-----------------------------------------------
PFM_SYS:系统信息
-----------------------------------------------
 main (rebue.mbgx.plugin.MapperAnnotationPlugin:32)
